<?xml version="1.0" encoding="UTF-8"?>
<testng-results skipped="0" failed="0" ignored="0" total="2" passed="2">
  <reporter-output>
  </reporter-output>
  <suite name="SuiteTour" duration-ms="78160" started-at="2019-02-20T16:10:45Z" finished-at="2019-02-20T16:12:04Z">
    <groups>
    </groups>
    <test name="TestTour" duration-ms="78160" started-at="2019-02-20T16:10:45Z" finished-at="2019-02-20T16:12:04Z">
      <class name="Test.Mercurytsmvproject.MercuryTestTour">
        <test-method status="PASS" signature="openBrowser()[pri:0, instance:Test.Mercurytsmvproject.MercuryTestTour@2752f6e2]" name="openBrowser" is-config="true" duration-ms="4338" started-at="2019-02-20T16:10:41Z" finished-at="2019-02-20T16:10:45Z">
          <reporter-output>
          </reporter-output>
        </test-method> <!-- openBrowser -->
        <test-method status="PASS" signature="enterApplUrl()[pri:0, instance:Test.Mercurytsmvproject.MercuryTestTour@2752f6e2]" name="enterApplUrl" is-config="true" duration-ms="9592" started-at="2019-02-20T16:10:45Z" finished-at="2019-02-20T16:10:55Z">
          <reporter-output>
          </reporter-output>
        </test-method> <!-- enterApplUrl -->
        <test-method status="PASS" signature="maximumBrowser()[pri:0, instance:Test.Mercurytsmvproject.MercuryTestTour@2752f6e2]" name="maximumBrowser" is-config="true" duration-ms="1132" started-at="2019-02-20T16:10:55Z" finished-at="2019-02-20T16:10:56Z">
          <reporter-output>
          </reporter-output>
        </test-method> <!-- maximumBrowser -->
        <test-method status="PASS" signature="getcookies()[pri:0, instance:Test.Mercurytsmvproject.MercuryTestTour@2752f6e2]" name="getcookies" is-config="true" duration-ms="81" started-at="2019-02-20T16:10:56Z" finished-at="2019-02-20T16:10:56Z">
          <reporter-output>
          </reporter-output>
        </test-method> <!-- getcookies -->
        <test-method status="PASS" signature="loginwithValidDetails()[pri:1, instance:Test.Mercurytsmvproject.MercuryTestTour@2752f6e2]" name="loginwithValidDetails" duration-ms="28198" started-at="2019-02-20T16:10:56Z" description="Verify that the valid user is able to login" finished-at="2019-02-20T16:11:25Z">
          <reporter-output>
          </reporter-output>
        </test-method> <!-- loginwithValidDetails -->
        <test-method status="PASS" signature="captureScreenshot(org.testng.ITestResult)[pri:0, instance:Test.Mercurytsmvproject.MercuryTestTour@2752f6e2]" name="captureScreenshot" is-config="true" duration-ms="3" started-at="2019-02-20T16:11:25Z" finished-at="2019-02-20T16:11:25Z">
          <params>
            <param index="0">
              <value>
                <![CDATA[[TestResult name=loginwithValidDetails status=SUCCESS method=MercuryTestTour.loginwithValidDetails()[pri:1, instance:Test.Mercurytsmvproject.MercuryTestTour@2752f6e2] output={null}]]]>
              </value>
            </param>
          </params>
          <reporter-output>
          </reporter-output>
        </test-method> <!-- captureScreenshot -->
        <test-method status="PASS" signature="getcookies()[pri:0, instance:Test.Mercurytsmvproject.MercuryTestTour@2752f6e2]" name="getcookies" is-config="true" duration-ms="10" started-at="2019-02-20T16:11:25Z" finished-at="2019-02-20T16:11:25Z">
          <reporter-output>
          </reporter-output>
        </test-method> <!-- getcookies -->
        <test-method status="PASS" signature="loginwithValidDetails2()[pri:2, instance:Test.Mercurytsmvproject.MercuryTestTour@2752f6e2]" name="loginwithValidDetails2" duration-ms="38980" started-at="2019-02-20T16:11:25Z" description="Verify that the valid user2 is able to login" finished-at="2019-02-20T16:12:04Z">
          <reporter-output>
          </reporter-output>
        </test-method> <!-- loginwithValidDetails2 -->
        <test-method status="PASS" signature="captureScreenshot(org.testng.ITestResult)[pri:0, instance:Test.Mercurytsmvproject.MercuryTestTour@2752f6e2]" name="captureScreenshot" is-config="true" duration-ms="1" started-at="2019-02-20T16:12:04Z" finished-at="2019-02-20T16:12:04Z">
          <params>
            <param index="0">
              <value>
                <![CDATA[[TestResult name=loginwithValidDetails2 status=SUCCESS method=MercuryTestTour.loginwithValidDetails2()[pri:2, instance:Test.Mercurytsmvproject.MercuryTestTour@2752f6e2] output={null}]]]>
              </value>
            </param>
          </params>
          <reporter-output>
          </reporter-output>
        </test-method> <!-- captureScreenshot -->
        <test-method status="PASS" signature="deleteAllCokkies()[pri:0, instance:Test.Mercurytsmvproject.MercuryTestTour@2752f6e2]" name="deleteAllCokkies" is-config="true" duration-ms="131" started-at="2019-02-20T16:12:04Z" finished-at="2019-02-20T16:12:04Z">
          <reporter-output>
          </reporter-output>
        </test-method> <!-- deleteAllCokkies -->
        <test-method status="PASS" signature="dbConnection()[pri:0, instance:Test.Mercurytsmvproject.MercuryTestTour@2752f6e2]" name="dbConnection" is-config="true" duration-ms="0" started-at="2019-02-20T16:12:04Z" finished-at="2019-02-20T16:12:04Z">
          <reporter-output>
          </reporter-output>
        </test-method> <!-- dbConnection -->
        <test-method status="PASS" signature="closeBrowser()[pri:0, instance:Test.Mercurytsmvproject.MercuryTestTour@2752f6e2]" name="closeBrowser" is-config="true" duration-ms="91" started-at="2019-02-20T16:12:04Z" finished-at="2019-02-20T16:12:04Z">
          <reporter-output>
          </reporter-output>
        </test-method> <!-- closeBrowser -->
      </class> <!-- Test.Mercurytsmvproject.MercuryTestTour -->
    </test> <!-- TestTour -->
  </suite> <!-- SuiteTour -->
</testng-results>
